=== sweep: batch_size=64 lr=0.001 time=7200s group=batch-sweep-20260711-064958 ===
wandb: [wandb.login()] Loaded credentials for https://api.wandb.ai from /home/ubuntu/.netrc.
wandb: Currently logged in as: thevivekpandey (thevivekpandey-personal) to https://api.wandb.ai. Use `wandb login --relogin` to force relogin
wandb: setting up run rb9vjye6
wandb: Tracking run with wandb version 0.28.0
wandb: Run data is saved locally in /home/ubuntu/stanford-cs336-assignment-1/cs336_basics/wandb/run-20260711_065000-rb9vjye6
wandb: Run `wandb offline` to turn off syncing.
wandb: Syncing run lr=0.001-bs=64
wandb: ⭐️ View project at https://wandb.ai/thevivekpandey-personal/stanford-cs336
wandb: 🚀 View run at https://wandb.ai/thevivekpandey-personal/stanford-cs336/runs/rb9vjye6
Starting training
train tokens: 460383376, val tokens: 4631858
Traceback (most recent call last):
  File "/home/ubuntu/stanford-cs336-assignment-1/cs336_basics/training_together.py", line 198, in <module>
    t.train()
  File "/home/ubuntu/stanford-cs336-assignment-1/cs336_basics/training_together.py", line 66, in train
    model = TransformerLM(self.vocab_size,
  File "/home/ubuntu/stanford-cs336-assignment-1/cs336_basics/transformer_lm.py", line 24, in __init__
    self.embedding = Embedding(vocab_size, d_model, device)
  File "/home/ubuntu/stanford-cs336-assignment-1/cs336_basics/embedding.py", line 11, in __init__
    self.E = nn.Parameter(torch.empty(num_embeddings, embedding_dim, device=device))
  File "/home/ubuntu/tf_venv/lib/python3.10/site-packages/torch/cuda/__init__.py", line 491, in _lazy_init
    torch._C._cuda_init()
RuntimeError: No CUDA GPUs are available
[1;34mwandb[0m: 
[1;34mwandb[0m: 🚀 View run [33mlr=0.001-bs=64[0m at: [34mhttps://wandb.ai/thevivekpandey-personal/stanford-cs336/runs/rb9vjye6[0m
[1;34mwandb[0m: Find logs at: [1;35mwandb/run-20260711_065000-rb9vjye6/logs[0m
